<?xml version="1.0" encoding="UTF-8"?>
<!-- Generated by org.testng.reporters.JUnitReportReporter -->
<testsuite hostname="DESKTOP-6FNI25S" failures="0" tests="1" name="com.qa.hyr.TestBase" time="13.850" errors="0" timestamp="2023-02-26T13:41:03 IST" skipped="0">
  <testcase classname="com.qa.hyr.TestBase" name="base" time="13.850"/>
  <system-out/>
</testsuite> <!-- com.qa.hyr.TestBase -->
