<?xml version="1.0" encoding="UTF-8"?>
<!-- Generated by org.testng.reporters.JUnitReportReporter -->
<testsuite hostname="DESKTOP-6FNI25S" failures="0" tests="3" name="com.qa.OrangeHRM.OrangeHRM" time="0.022" errors="0" timestamp="2023-01-14T17:02:04 IST" skipped="0">
  <testcase classname="com.qa.OrangeHRM.OrangeHRM" name="login" time="0.016"/>
  <system-out/>
  <testcase classname="com.qa.OrangeHRM.OrangeHRM" name="VerifyLogin" time="0.003"/>
  <system-out/>
  <testcase classname="com.qa.OrangeHRM.OrangeHRM" name="testdata" time="0.003"/>
  <system-out/>
</testsuite> <!-- com.qa.OrangeHRM.OrangeHRM -->
