<?xml version="1.0" encoding="UTF-8"?>
<!-- Generated by org.testng.reporters.JUnitReportReporter -->
<testsuite hostname="DESKTOP-6FNI25S" failures="0" tests="2" name="com.qa.hyr.Practicise" time="10.762" errors="0" timestamp="2023-02-26T14:53:05 IST" skipped="0">
  <testcase classname="com.qa.hyr.Practicise" name="TestGoogle" time="8.790"/>
  <system-out/>
  <testcase classname="com.qa.hyr.Practicise" name="Facebook" time="1.972"/>
  <system-out/>
</testsuite> <!-- com.qa.hyr.Practicise -->
