<?xml version="1.0" encoding="UTF-8"?>
<!-- Generated by org.testng.reporters.JUnitReportReporter -->
<testsuite hostname="DESKTOP-6FNI25S" failures="0" tests="1" name="com.qa.hyr.Assertions" time="11.568" errors="0" timestamp="2023-02-26T13:30:46 IST" skipped="0">
  <testcase classname="com.qa.hyr.Assertions" name="test" time="11.568"/>
  <system-out/>
</testsuite> <!-- com.qa.hyr.Assertions -->
