<?xml version="1.0" encoding="UTF-8"?>
<!-- Generated by org.testng.reporters.JUnitReportReporter -->
<testsuite hostname="DESKTOP-6FNI25S" failures="0" tests="1" name="com.qa.hyr.First_Test" time="127.859" errors="0" timestamp="2023-08-26T17:48:19 IST" skipped="0">
  <testcase classname="com.qa.hyr.First_Test" name="Google" time="127.859"/>
  <system-out/>
</testsuite> <!-- com.qa.hyr.First_Test -->
